[2m2023-04-26 20:26:54.897[0;39m [32m INFO[0;39m [35m77868[0;39m [2m---[0;39m [2m[           main][][0;39m [36mc.w.s.s.SpringbootstartApplication      [0;39m [2m:[0;39m Starting SpringbootstartApplication on QianqiandeMacBook-Pro-2.local with PID 77868 (/Users/qianqianwu/wudi/learn_code/SpringBootCore/target/classes started by qianqianwu in /Users/qianqianwu/wudi/learn_code/SpringBootCore)
[2m2023-04-26 20:26:54.905[0;39m [32m INFO[0;39m [35m77868[0;39m [2m---[0;39m [2m[           main][][0;39m [36mc.w.s.s.SpringbootstartApplication      [0;39m [2m:[0;39m The following profiles are active: wudi
[2m2023-04-26 20:27:26.426[0;39m [32m INFO[0;39m [35m77895[0;39m [2m---[0;39m [2m[           main][][0;39m [36mc.w.s.s.SpringbootstartApplication      [0;39m [2m:[0;39m Starting SpringbootstartApplication on QianqiandeMacBook-Pro-2.local with PID 77895 (/Users/qianqianwu/wudi/learn_code/SpringBootCore/target/classes started by qianqianwu in /Users/qianqianwu/wudi/learn_code/SpringBootCore)
[2m2023-04-26 20:27:26.431[0;39m [32m INFO[0;39m [35m77895[0;39m [2m---[0;39m [2m[           main][][0;39m [36mc.w.s.s.SpringbootstartApplication      [0;39m [2m:[0;39m The following profiles are active: wudi
[2m2023-04-26 20:27:29.749[0;39m [32m INFO[0;39m [35m77895[0;39m [2m---[0;39m [2m[           main][][0;39m [36mo.s.b.w.embedded.tomcat.TomcatWebServer [0;39m [2m:[0;39m Tomcat initialized with port(s): 8089 (http)
[2m2023-04-26 20:27:29.762[0;39m [32m INFO[0;39m [35m77895[0;39m [2m---[0;39m [2m[           main][][0;39m [36mo.apache.catalina.core.StandardService  [0;39m [2m:[0;39m Starting service [Tomcat]
[2m2023-04-26 20:27:29.763[0;39m [32m INFO[0;39m [35m77895[0;39m [2m---[0;39m [2m[           main][][0;39m [36morg.apache.catalina.core.StandardEngine [0;39m [2m:[0;39m Starting Servlet engine: [Apache Tomcat/9.0.27]
[2m2023-04-26 20:27:29.905[0;39m [32m INFO[0;39m [35m77895[0;39m [2m---[0;39m [2m[           main][][0;39m [36mo.a.c.c.C.[Tomcat].[localhost].[/]      [0;39m [2m:[0;39m Initializing Spring embedded WebApplicationContext
[2m2023-04-26 20:27:29.906[0;39m [32m INFO[0;39m [35m77895[0;39m [2m---[0;39m [2m[           main][][0;39m [36mo.s.web.context.ContextLoader           [0;39m [2m:[0;39m Root WebApplicationContext: initialization completed in 3308 ms
[2m2023-04-26 20:27:30.272[0;39m [32m INFO[0;39m [35m77895[0;39m [2m---[0;39m [2m[           main][][0;39m [36mo.s.s.concurrent.ThreadPoolTaskExecutor [0;39m [2m:[0;39m Initializing ExecutorService 'applicationTaskExecutor'
[2m2023-04-26 20:27:30.359[0;39m [32m INFO[0;39m [35m77895[0;39m [2m---[0;39m [2m[           main][][0;39m [36mo.s.b.a.w.s.WelcomePageHandlerMapping   [0;39m [2m:[0;39m Adding welcome page: class path resource [public/index.html]
[2m2023-04-26 20:27:30.657[0;39m [32m INFO[0;39m [35m77895[0;39m [2m---[0;39m [2m[           main][][0;39m [36mo.s.b.w.embedded.tomcat.TomcatWebServer [0;39m [2m:[0;39m Tomcat started on port(s): 8089 (http) with context path ''
[2m2023-04-26 20:27:30.668[0;39m [32m INFO[0;39m [35m77895[0;39m [2m---[0;39m [2m[           main][][0;39m [36mc.w.s.s.SpringbootstartApplication      [0;39m [2m:[0;39m Started SpringbootstartApplication in 14.236 seconds (JVM running for 16.068)
[2m2023-04-26 20:27:47.049[0;39m [32m INFO[0;39m [35m77895[0;39m [2m---[0;39m [2m[extShutdownHook][][0;39m [36mo.s.s.concurrent.ThreadPoolTaskExecutor [0;39m [2m:[0;39m Shutting down ExecutorService 'applicationTaskExecutor'
[2m2023-04-26 20:36:44.487[0;39m [32m INFO[0;39m [35m78136[0;39m [2m---[0;39m [2m[           main][][0;39m [36mc.w.s.s.SpringbootstartApplication      [0;39m [2m:[0;39m Starting SpringbootstartApplication on QianqiandeMacBook-Pro-2.local with PID 78136 (/Users/qianqianwu/wudi/learn_code/SpringBootCore/target/classes started by qianqianwu in /Users/qianqianwu/wudi/learn_code/SpringBootCore)
[2m2023-04-26 20:36:44.500[0;39m [32m INFO[0;39m [35m78136[0;39m [2m---[0;39m [2m[           main][][0;39m [36mc.w.s.s.SpringbootstartApplication      [0;39m [2m:[0;39m The following profiles are active: wudi
[2m2023-04-26 20:36:47.112[0;39m [32m INFO[0;39m [35m78136[0;39m [2m---[0;39m [2m[           main][][0;39m [36mo.s.b.w.embedded.tomcat.TomcatWebServer [0;39m [2m:[0;39m Tomcat initialized with port(s): 8089 (http)
[2m2023-04-26 20:36:47.125[0;39m [32m INFO[0;39m [35m78136[0;39m [2m---[0;39m [2m[           main][][0;39m [36mo.apache.catalina.core.StandardService  [0;39m [2m:[0;39m Starting service [Tomcat]
[2m2023-04-26 20:36:47.126[0;39m [32m INFO[0;39m [35m78136[0;39m [2m---[0;39m [2m[           main][][0;39m [36morg.apache.catalina.core.StandardEngine [0;39m [2m:[0;39m Starting Servlet engine: [Apache Tomcat/9.0.27]
[2m2023-04-26 20:36:47.246[0;39m [32m INFO[0;39m [35m78136[0;39m [2m---[0;39m [2m[           main][][0;39m [36mo.a.c.c.C.[Tomcat].[localhost].[/]      [0;39m [2m:[0;39m Initializing Spring embedded WebApplicationContext
[2m2023-04-26 20:36:47.246[0;39m [32m INFO[0;39m [35m78136[0;39m [2m---[0;39m [2m[           main][][0;39m [36mo.s.web.context.ContextLoader           [0;39m [2m:[0;39m Root WebApplicationContext: initialization completed in 2601 ms
[2m2023-04-26 20:36:47.555[0;39m [32m INFO[0;39m [35m78136[0;39m [2m---[0;39m [2m[           main][][0;39m [36mo.s.s.concurrent.ThreadPoolTaskExecutor [0;39m [2m:[0;39m Initializing ExecutorService 'applicationTaskExecutor'
[2m2023-04-26 20:36:47.705[0;39m [32m INFO[0;39m [35m78136[0;39m [2m---[0;39m [2m[           main][][0;39m [36mo.s.b.a.w.s.WelcomePageHandlerMapping   [0;39m [2m:[0;39m Adding welcome page: class path resource [public/index.html]
[2m2023-04-26 20:36:48.005[0;39m [32m INFO[0;39m [35m78136[0;39m [2m---[0;39m [2m[           main][][0;39m [36mo.s.b.w.embedded.tomcat.TomcatWebServer [0;39m [2m:[0;39m Tomcat started on port(s): 8089 (http) with context path ''
[2m2023-04-26 20:36:48.011[0;39m [32m INFO[0;39m [35m78136[0;39m [2m---[0;39m [2m[           main][][0;39m [36mc.w.s.s.SpringbootstartApplication      [0;39m [2m:[0;39m Started SpringbootstartApplication in 5.329 seconds (JVM running for 7.49)
[2m2023-04-26 21:19:40.706[0;39m [32m INFO[0;39m [35m78136[0;39m [2m---[0;39m [2m[extShutdownHook][][0;39m [36mo.s.s.concurrent.ThreadPoolTaskExecutor [0;39m [2m:[0;39m Shutting down ExecutorService 'applicationTaskExecutor'
